{
  "RSpec": {
    "coverage": {
      "/home/cyber/Documents/focus/another_linkedin/app/models/company.rb": {
        "lines": [
          null,
          null,
          1,
          1,
          null,
          1,
          1,
          1,
          null,
          null,
          1,
          null
        ]
      },
      "/home/cyber/Documents/focus/another_linkedin/app/models/application_record.rb": {
        "lines": [
          null,
          null,
          1,
          1,
          null
        ]
      },
      "/home/cyber/Documents/focus/another_linkedin/app/models/job.rb": {
        "lines": [
          null,
          null,
          1,
          1,
          null,
          1,
          1,
          1,
          1,
          1,
          1,
          null
        ]
      },
      "/home/cyber/Documents/focus/another_linkedin/app/controllers/jobs_controller.rb": {
        "lines": [
          null,
          null,
          1,
          1,
          2,
          2,
          null,
          null,
          1,
          1,
          0,
          null,
          null,
          1,
          0,
          null,
          0,
          null,
          0,
          null,
          null,
          1,
          5,
          null,
          5,
          null,
          3,
          null,
          null,
          1,
          1,
          null,
          1,
          null,
          0,
          null,
          null,
          1,
          null,
          1,
          5,
          null,
          null
        ]
      },
      "/home/cyber/Documents/focus/another_linkedin/app/controllers/application_controller.rb": {
        "lines": [
          null,
          null,
          1,
          null
        ]
      },
      "/home/cyber/Documents/focus/another_linkedin/app/channels/application_cable/channel.rb": {
        "lines": [
          null,
          null,
          0,
          0,
          0,
          0
        ],
        "branches": {
        }
      },
      "/home/cyber/Documents/focus/another_linkedin/app/channels/application_cable/connection.rb": {
        "lines": [
          null,
          null,
          0,
          0,
          0,
          0
        ],
        "branches": {
        }
      },
      "/home/cyber/Documents/focus/another_linkedin/app/controllers/companies_controller.rb": {
        "lines": [
          0,
          0,
          0,
          null,
          0,
          0,
          0
        ],
        "branches": {
        }
      },
      "/home/cyber/Documents/focus/another_linkedin/app/jobs/application_job.rb": {
        "lines": [
          null,
          null,
          0,
          null,
          null,
          null,
          null,
          null,
          0
        ],
        "branches": {
        }
      },
      "/home/cyber/Documents/focus/another_linkedin/app/mailers/application_mailer.rb": {
        "lines": [
          null,
          null,
          0,
          0,
          0,
          0
        ],
        "branches": {
        }
      }
    },
    "timestamp": 1721002677
  }
}
